2025-06-30 11:22:51,519 - INFO - Starting telemetry data processing...
2025-06-30 11:22:51,519 - INFO - Output file: /tmp/telemetry_clean.csv
2025-06-30 11:22:52,118 - INFO - Successfully wrote 50 records to /tmp/telemetry_clean.csv
2025-06-30 11:22:52,119 - INFO - ==================================================
2025-06-30 11:22:52,119 - INFO - PROCESSING SUMMARY
2025-06-30 11:22:52,119 - INFO - ==================================================
2025-06-30 11:22:52,119 - INFO - Total records processed: 50
2025-06-30 11:22:52,119 - INFO - Valid records: 50
2025-06-30 11:22:52,119 - INFO - Dropped records: 0
2025-06-30 11:22:52,119 - INFO - Corrected records: 0
2025-06-30 11:22:52,119 - INFO - Parsing errors: 0
2025-06-30 11:22:52,119 - INFO - Success rate: 100.0%
2025-06-30 11:23:59,490 - INFO - Starting telemetry data processing...
2025-06-30 11:23:59,490 - INFO - Output file: /tmp/telemetry_clean.csv
2025-06-30 11:24:01,634 - WARNING - Corrected zero fuel flow to 0.1 kg/s
2025-06-30 11:24:01,635 - WARNING - Corrected negative pressure: -20.4198708639705 → 20.4198708639705
2025-06-30 11:24:01,636 - WARNING - Corrected zero fuel flow to 0.1 kg/s
2025-06-30 11:24:01,919 - WARNING - Corrected zero fuel flow to 0.1 kg/s
2025-06-30 11:24:01,919 - WARNING - Corrected negative pressure: -40.96738767395943 → 40.96738767395943
2025-06-30 11:24:01,930 - INFO - Successfully wrote 200 records to /tmp/telemetry_clean.csv
2025-06-30 11:24:01,931 - INFO - ==================================================
2025-06-30 11:24:01,931 - INFO - PROCESSING SUMMARY
2025-06-30 11:24:01,931 - INFO - ==================================================
2025-06-30 11:24:01,931 - INFO - Total records processed: 200
2025-06-30 11:24:01,931 - INFO - Valid records: 200
2025-06-30 11:24:01,931 - INFO - Dropped records: 0
2025-06-30 11:24:01,931 - INFO - Corrected records: 5
2025-06-30 11:24:01,931 - INFO - Parsing errors: 0
2025-06-30 11:24:01,931 - INFO - Success rate: 100.0%
2025-06-30 11:30:00,198 - INFO - Starting telemetry data processing...
2025-06-30 11:30:00,198 - INFO - Output file: data/telemetry_clean.csv
2025-06-30 11:30:00,429 - INFO - Successfully wrote 20 records to data/telemetry_clean.csv
2025-06-30 11:30:00,430 - INFO - ==================================================
2025-06-30 11:30:00,430 - INFO - PROCESSING SUMMARY
2025-06-30 11:30:00,430 - INFO - ==================================================
2025-06-30 11:30:00,430 - INFO - Total records processed: 20
2025-06-30 11:30:00,430 - INFO - Valid records: 20
2025-06-30 11:30:00,430 - INFO - Dropped records: 0
2025-06-30 11:30:00,430 - INFO - Corrected records: 0
2025-06-30 11:30:00,430 - INFO - Parsing errors: 0
2025-06-30 11:30:00,430 - INFO - Success rate: 100.0%
2025-06-30 11:31:59,855 - INFO - Starting telemetry data processing...
2025-06-30 11:31:59,856 - INFO - Output file: data/telemetry_clean.csv
2025-06-30 11:32:00,019 - INFO - Successfully wrote 15 records to data/telemetry_clean.csv
2025-06-30 11:32:00,019 - INFO - ==================================================
2025-06-30 11:32:00,019 - INFO - PROCESSING SUMMARY
2025-06-30 11:32:00,019 - INFO - ==================================================
2025-06-30 11:32:00,019 - INFO - Total records processed: 15
2025-06-30 11:32:00,019 - INFO - Valid records: 15
2025-06-30 11:32:00,019 - INFO - Dropped records: 0
2025-06-30 11:32:00,019 - INFO - Corrected records: 0
2025-06-30 11:32:00,019 - INFO - Parsing errors: 0
2025-06-30 11:32:00,019 - INFO - Success rate: 100.0%
2025-06-30 12:35:57,001 - INFO - Starting telemetry data processing...
2025-06-30 12:35:57,001 - INFO - Output file: data/telemetry_clean.csv
2025-06-30 12:35:57,606 - INFO - Successfully wrote 50 records to data/telemetry_clean.csv
2025-06-30 12:35:57,606 - INFO - ==================================================
2025-06-30 12:35:57,606 - INFO - PROCESSING SUMMARY
2025-06-30 12:35:57,606 - INFO - ==================================================
2025-06-30 12:35:57,606 - INFO - Total records processed: 50
2025-06-30 12:35:57,606 - INFO - Valid records: 50
2025-06-30 12:35:57,606 - INFO - Dropped records: 0
2025-06-30 12:35:57,606 - INFO - Corrected records: 0
2025-06-30 12:35:57,606 - INFO - Parsing errors: 0
2025-06-30 12:35:57,606 - INFO - Success rate: 100.0%
2025-06-30 14:03:47,357 - INFO - Starting telemetry data processing...
2025-06-30 14:03:47,357 - INFO - Output file: data/telemetry_clean.csv
2025-06-30 14:03:47,966 - WARNING - Corrected negative pressure: -16.58517098921284 → 16.58517098921284
2025-06-30 14:03:47,967 - WARNING - Corrected negative pressure: -21.88503851403863 → 21.88503851403863
2025-06-30 14:03:47,967 - WARNING - Corrected zero fuel flow to 0.1 kg/s
2025-06-30 14:03:47,974 - INFO - Successfully wrote 50 records to data/telemetry_clean.csv
2025-06-30 14:03:47,974 - INFO - ==================================================
2025-06-30 14:03:47,974 - INFO - PROCESSING SUMMARY
2025-06-30 14:03:47,974 - INFO - ==================================================
2025-06-30 14:03:47,974 - INFO - Total records processed: 50
2025-06-30 14:03:47,974 - INFO - Valid records: 50
2025-06-30 14:03:47,974 - INFO - Dropped records: 0
2025-06-30 14:03:47,974 - INFO - Corrected records: 3
2025-06-30 14:03:47,974 - INFO - Parsing errors: 0
2025-06-30 14:03:47,974 - INFO - Success rate: 100.0%
2025-06-30 14:10:37,587 - INFO - Starting telemetry data processing...
2025-06-30 14:10:37,587 - INFO - Output file: data/telemetry_production.csv
2025-06-30 14:10:39,920 - WARNING - Corrected zero fuel flow to 0.1 kg/s
2025-06-30 14:10:39,920 - WARNING - Corrected negative pressure: -26.553696694790542 → 26.553696694790542
2025-06-30 14:10:39,920 - WARNING - Corrected zero fuel flow to 0.1 kg/s
2025-06-30 14:10:39,921 - WARNING - Corrected negative pressure: -23.747221178795662 → 23.747221178795662
2025-06-30 14:10:39,921 - WARNING - Corrected zero fuel flow to 0.1 kg/s
2025-06-30 14:10:41,372 - WARNING - Corrected zero fuel flow to 0.1 kg/s
2025-06-30 14:10:42,831 - WARNING - Corrected zero fuel flow to 0.1 kg/s
2025-06-30 14:10:42,832 - WARNING - Corrected zero fuel flow to 0.1 kg/s
2025-06-30 14:10:42,832 - WARNING - Corrected zero fuel flow to 0.1 kg/s
2025-06-30 14:10:44,253 - WARNING - Extremely high temperature detected: 6972.004452242356
2025-06-30 14:10:44,254 - WARNING - Corrected negative pressure: -22.060889422672112 → 22.060889422672112
2025-06-30 14:10:44,254 - WARNING - Corrected negative pressure: -15.331231309189583 → 15.331231309189583
2025-06-30 14:10:45,705 - WARNING - Corrected negative pressure: -6.256454227781504 → 6.256454227781504
2025-06-30 14:10:45,706 - WARNING - Corrected zero fuel flow to 0.1 kg/s
2025-06-30 14:10:47,131 - WARNING - Corrected zero fuel flow to 0.1 kg/s
2025-06-30 14:10:48,603 - WARNING - Corrected zero fuel flow to 0.1 kg/s
2025-06-30 14:10:48,603 - WARNING - Corrected zero fuel flow to 0.1 kg/s
2025-06-30 14:10:50,065 - WARNING - Corrected negative pressure: -35.234791238041126 → 35.234791238041126
2025-06-30 14:10:50,066 - WARNING - Corrected zero fuel flow to 0.1 kg/s
2025-06-30 14:10:50,082 - INFO - Successfully wrote 1000 records to data/telemetry_production.csv
2025-06-30 14:10:50,082 - INFO - ==================================================
2025-06-30 14:10:50,083 - INFO - PROCESSING SUMMARY
2025-06-30 14:10:50,083 - INFO - ==================================================
2025-06-30 14:10:50,083 - INFO - Total records processed: 1000
2025-06-30 14:10:50,083 - INFO - Valid records: 1000
2025-06-30 14:10:50,083 - INFO - Dropped records: 0
2025-06-30 14:10:50,083 - INFO - Corrected records: 18
2025-06-30 14:10:50,083 - INFO - Parsing errors: 0
2025-06-30 14:10:50,083 - INFO - Success rate: 100.0%
